<?xml version="1.0" encoding="UTF-8"?>
<!-- Generated by org.testng.reporters.JUnitReportReporter -->
<testsuite hostname="LAPTOP-PACC227E" failures="0" tests="2" name="MJMavenProject.MavenProject.ResrAPITest" time="0.001" errors="0" timestamp="2021-04-17T17:15:04 IST" skipped="0">
  <testcase classname="MJMavenProject.MavenProject.ResrAPITest" name="deleteTwitter" time="0.000"/>
  <system-out/>
  <testcase classname="MJMavenProject.MavenProject.ResrAPITest" name="postJira" time="0.001"/>
  <system-out/>
</testsuite> <!-- MJMavenProject.MavenProject.ResrAPITest -->
