<?xml version="1.0" encoding="UTF-8"?>
<!-- Generated by org.testng.reporters.JUnitReportReporter -->
<testsuite hostname="LAPTOP-PACC227E" failures="0" tests="2" name="MJMavenProject.MavenProject.AppiumTest" time="0.004" errors="0" timestamp="2021-04-17T16:59:43 IST" skipped="0">
  <testcase classname="MJMavenProject.MavenProject.AppiumTest" name="IOSApps" time="0.004"/>
  <system-out/>
  <testcase classname="MJMavenProject.MavenProject.AppiumTest" name="nativeAppAndroid" time="0.000"/>
  <system-out/>
</testsuite> <!-- MJMavenProject.MavenProject.AppiumTest -->
