<?xml version="1.0" encoding="UTF-8"?>
<!-- Generated by org.testng.reporters.JUnitReportReporter -->
<testsuite hostname="LAPTOP-PACC227E" failures="0" tests="2" name="MJMavenProject.MavenProject.SeleniumTest" time="0.004" errors="0" timestamp="2021-04-17T17:15:04 IST" skipped="0">
  <testcase classname="MJMavenProject.MavenProject.SeleniumTest" name="elementUI" time="0.000"/>
  <system-out/>
  <testcase classname="MJMavenProject.MavenProject.SeleniumTest" name="BrowserStart" time="0.004"/>
  <system-out/>
</testsuite> <!-- MJMavenProject.MavenProject.SeleniumTest -->
